<?xml version="1.0" encoding="UTF-8"?>
<testsuite xmlns:xsi="http://www.w3.org/2001/XMLSchema-instance" xsi:noNamespaceSchemaLocation="https://maven.apache.org/surefire/maven-surefire-plugin/xsd/surefire-test-report.xsd" name="Homework4Test" time="0.092" tests="4" errors="0" skipped="0" failures="2">
  <properties>
[...]
</properties>
  <testcase name="isLetterATest{char}[1]" classname="Homework4Test" time="0.036"/>
  <testcase name="isLetterATest{char}[2]" classname="Homework4Test" time="0.011">
    <failure message="not the letter &apos;a&apos; ==&gt; expected: &lt;a&gt; but was: &lt;b&gt;" type="org.opentest4j.AssertionFailedError"><![CDATA[org.opentest4j.AssertionFailedError: not the letter 'a' ==> expected: <a> but was: <b>
	at Homework4Test.isLetterATest(Homework4Test.java:15)
]]></failure>
  </testcase>
  <testcase name="isLetterATest{char}[3]" classname="Homework4Test" time="0.001"/>
  <testcase name="isLetterATest{char}[4]" classname="Homework4Test" time="0.001">
    <failure message="not the letter &apos;a&apos; ==&gt; expected: &lt;a&gt; but was: &lt;b&gt;" type="org.opentest4j.AssertionFailedError"><![CDATA[org.opentest4j.AssertionFailedError: not the letter 'a' ==> expected: <a> but was: <b>
	at Homework4Test.isLetterATest(Homework4Test.java:15)
]]></failure>
  </testcase>
</testsuite>